[2023-11-23 15:25:18,084 INFO com.bankguru.register.Register] - Register - 01: Navigate to 'Register' page
[2023-11-23 15:27:58,621 INFO com.bankguru.register.Register] - Register - 01: Navigate to 'Register' page
[2023-11-23 15:27:59,056 INFO com.bankguru.register.Register] - Register - 02: Enter Valid Email to Email ID textbox
[2023-11-23 15:27:59,326 INFO com.bankguru.register.Register] - Register - 03: Click to submit button
[2023-11-23 15:28:00,897 INFO com.bankguru.register.Register] - Register - 04: Check UserID and Password display and get value 
[2023-11-23 15:32:02,227 INFO com.bankguru.register.Register] - Register - 01: Navigate to 'Register' page
[2023-11-23 15:32:02,661 INFO com.bankguru.register.Register] - Register - 02: Enter Valid Email to Email ID textbox
[2023-11-23 15:32:02,845 INFO com.bankguru.register.Register] - Register - 03: Click to submit button
[2023-11-23 15:32:04,432 INFO com.bankguru.register.Register] - Register - 04: Check UserID and Password display and get value 
[2023-11-23 15:32:04,721 INFO com.bankguru.register.Register] - Login - 01:  Navigate to 'Login' page
[2023-11-23 15:32:05,176 INFO com.bankguru.register.Register] - Login - 02:  Enter to UserID textbox with value: mngr540230
[2023-11-23 15:32:57,144 INFO com.bankguru.register.Register] - Register - 01: Navigate to 'Register' page
[2023-11-23 15:32:57,513 INFO com.bankguru.register.Register] - Register - 02: Enter Valid Email to Email ID textbox
[2023-11-23 15:32:57,650 INFO com.bankguru.register.Register] - Register - 03: Click to submit button
[2023-11-23 15:32:59,046 INFO com.bankguru.register.Register] - Register - 04: Check UserID and Password display and get value 
[2023-11-23 15:32:59,310 INFO com.bankguru.register.Register] - Login - 01:  Navigate to 'Login' page
[2023-11-23 15:32:59,711 INFO com.bankguru.register.Register] - Login - 02:  Enter to UserID textbox with value: mngr540231
[2023-11-23 15:38:28,239 INFO com.bankguru.register.Register] - Register - 01: Navigate to 'Register' page
[2023-11-23 15:38:29,991 INFO com.bankguru.register.Register] - Register - 02: Enter Valid Email to Email ID textbox
[2023-11-23 15:38:30,071 INFO com.bankguru.register.Register] - Login - 01:  Navigate to 'Login' page
[2023-11-23 15:39:32,944 INFO com.bankguru.register.Register] - Register - 01: Navigate to 'Register' page
[2023-11-23 15:39:35,111 INFO com.bankguru.register.Register] - Register - 02: Enter Valid Email to Email ID textbox
[2023-11-23 15:39:35,208 INFO com.bankguru.register.Register] - Login - 01:  Navigate to 'Login' page
[2023-11-23 15:42:49,077 INFO com.bankguru.register.Register] - Register - 01: Navigate to 'Register' page
[2023-11-23 15:42:51,199 INFO com.bankguru.register.Register] - Register - 02: Enter Valid Email to Email ID textbox
[2023-11-23 15:42:51,285 INFO com.bankguru.register.Register] - Login - 01:  Navigate to 'Login' page
[2023-11-23 15:43:36,246 INFO com.bankguru.register.Register] - Register - 01: Navigate to 'Register' page
[2023-11-23 15:43:36,628 INFO com.bankguru.register.Register] - Register - 02: Enter Valid Email to Email ID textbox
[2023-11-23 15:43:36,806 INFO com.bankguru.register.Register] - Register - 03: Click to submit button
[2023-11-23 15:43:38,150 INFO com.bankguru.register.Register] - Register - 04: Check UserID and Password display and get value 
[2023-11-23 15:43:38,383 INFO com.bankguru.register.Register] - Login - 01:  Navigate to 'Login' page
[2023-11-23 15:43:38,881 INFO com.bankguru.register.Register] - Login - 02:  Enter to UserID textbox with value: mngr540233
[2023-11-23 16:14:02,499 INFO com.bankguru.register.Register] - Register - 01: Navigate to 'Register' page
[2023-11-23 16:14:02,908 INFO com.bankguru.register.Register] - Register - 02: Enter Valid Email to Email ID textbox
[2023-11-23 16:14:03,059 INFO com.bankguru.register.Register] - Register - 03: Click to submit button
[2023-11-23 16:14:04,534 INFO com.bankguru.register.Register] - Register - 04: Check UserID and Password display and get value 
[2023-11-23 16:14:04,781 INFO com.bankguru.register.Register] - Login - 01:  Navigate to 'Login' page
[2023-11-23 16:14:05,208 INFO com.bankguru.register.Register] - Login - 02:  Enter to UserID textbox with value: mngr540238
[2023-11-23 16:15:16,381 INFO com.bankguru.register.Register] - Register - 01: Navigate to 'Register' page
[2023-11-23 16:15:16,735 INFO com.bankguru.register.Register] - Register - 02: Enter Valid Email to Email ID textbox
[2023-11-23 16:15:16,883 INFO com.bankguru.register.Register] - Register - 03: Click to submit button
[2023-11-23 16:15:18,588 INFO com.bankguru.register.Register] - Register - 04: Check UserID and Password display and get value 
[2023-11-23 16:15:18,809 INFO com.bankguru.register.Register] - Login - 01:  Navigate to 'Login' page
[2023-11-23 16:15:21,405 INFO com.bankguru.register.Register] - Login - 02:  Enter to UserID textbox with value: mngr540239
[2023-11-23 16:15:21,500 INFO com.bankguru.register.Register] - Login - 03:  Enter to Password textbox with value: AmEsetu
[2023-11-23 16:15:21,584 INFO com.bankguru.register.Register] - Login - 04:  Click to Login button
[2023-11-23 16:15:21,617 INFO com.bankguru.register.Register] - Login - 05:  Verify Manager's Page is displayed
[2023-11-23 16:20:21,859 INFO com.bankguru.register.Register] - Register - 01: Navigate to 'Register' page
[2023-11-23 16:20:22,207 INFO com.bankguru.register.Register] - Register - 02: Enter Valid Email to Email ID textbox
[2023-11-23 16:20:22,351 INFO com.bankguru.register.Register] - Register - 03: Click to submit button
[2023-11-23 16:20:23,287 INFO com.bankguru.register.Register] - Register - 04: Check UserID and Password display and get value 
[2023-11-23 16:20:23,539 INFO com.bankguru.register.Register] - Login - 01:  Navigate to 'Login' page
[2023-11-23 16:20:26,369 INFO com.bankguru.register.Register] - Login - 02:  Enter to UserID textbox with value: mngr540242
[2023-11-23 16:20:26,472 INFO com.bankguru.register.Register] - Login - 03:  Enter to Password textbox with value: samEdad
[2023-11-23 16:20:26,551 INFO com.bankguru.register.Register] - Login - 04:  Click to Login button
[2023-11-23 16:20:26,586 INFO com.bankguru.register.Register] - Login - 05:  Verify Manager's Page is displayed
[2023-11-24 09:36:46,986 INFO com.bankguru.register.Register] - Register - 01: Navigate to 'Register' page
[2023-11-24 09:36:47,330 INFO com.bankguru.register.Register] - Register - 02: Enter Valid Email to Email ID textbox
[2023-11-24 09:36:47,502 INFO com.bankguru.register.Register] - Register - 03: Click to submit button
[2023-11-24 09:36:48,978 INFO com.bankguru.register.Register] - Register - 04: Check UserID and Password display and get value 
[2023-11-24 09:36:49,260 INFO com.bankguru.register.Register] - Login - 01:  Navigate to 'Login' page
[2023-11-24 09:36:50,851 INFO com.bankguru.register.Register] - Login - 02:  Enter to UserID textbox with value: mngr540340
[2023-11-24 09:36:50,954 INFO com.bankguru.register.Register] - Login - 03:  Enter to Password textbox with value: UtAhata
[2023-11-24 09:36:51,032 INFO com.bankguru.register.Register] - Login - 04:  Click to Login button
[2023-11-24 09:36:51,064 INFO com.bankguru.register.Register] - Login - 05:  Verify Manager's Page is displayed
[2023-11-24 09:37:27,899 INFO com.bankguru.register.Register] - Register - 01: Navigate to 'Register' page
[2023-11-24 09:37:27,955 INFO com.bankguru.register.Register] - Register - 02: Enter Valid Email to Email ID textbox
[2023-11-24 09:37:28,101 INFO com.bankguru.register.Register] - Register - 03: Click to submit button
[2023-11-24 09:37:29,160 INFO com.bankguru.register.Register] - Register - 04: Check UserID and Password display and get value 
[2023-11-24 09:37:29,373 INFO com.bankguru.register.Register] - Login - 01:  Navigate to 'Login' page
[2023-11-24 09:37:32,184 INFO com.bankguru.register.Register] - Login - 02:  Enter to UserID textbox with value: mngr540341
[2023-11-24 09:37:32,358 INFO com.bankguru.register.Register] - Login - 03:  Enter to Password textbox with value: yqahYhy
[2023-11-24 09:37:32,491 INFO com.bankguru.register.Register] - Login - 04:  Click to Login button
[2023-11-24 09:37:32,528 INFO com.bankguru.register.Register] - Login - 05:  Verify Manager's Page is displayed
[2023-11-24 11:50:35,293 INFO com.bankguru.register.Register] - Register - 01: Navigate to 'Register' page
[2023-11-24 11:50:35,520 INFO com.bankguru.register.Register] - Register - 02: Enter Valid Email to Email ID textbox
[2023-11-24 11:50:35,751 INFO com.bankguru.register.Register] - Register - 03: Click to submit button
[2023-11-24 11:50:36,701 INFO com.bankguru.register.Register] - Register - 04: Check UserID and Password display and get value 
[2023-11-24 11:50:37,033 INFO com.bankguru.register.Register] - Login - 01:  Navigate to 'Login' page
[2023-11-24 11:50:38,004 INFO com.bankguru.register.Register] - Login - 02:  Enter to UserID textbox with value: mngr540351
[2023-11-24 11:50:38,211 INFO com.bankguru.register.Register] - Login - 03:  Enter to Password textbox with value: EnAvara
[2023-11-24 11:50:38,366 INFO com.bankguru.register.Register] - Login - 04:  Click to Login button
[2023-11-24 11:50:38,411 INFO com.bankguru.register.Register] - Login - 05:  Verify Manager's Page is displayed
[2023-11-24 14:32:54,733 INFO com.bankguru.register.Register] - Register - 01: Navigate to 'Register' page
[2023-11-24 14:32:55,082 INFO com.bankguru.register.Register] - Register - 02: Enter Valid Email to Email ID textbox
[2023-11-24 14:32:55,306 INFO com.bankguru.register.Register] - Register - 03: Click to submit button
[2023-11-24 14:33:09,946 INFO com.bankguru.register.Register] - Register - 04: Check UserID and Password display and get value 
[2023-11-24 14:33:10,297 INFO com.bankguru.register.Register] - Login - 01:  Navigate to 'Login' page
[2023-11-24 14:33:20,741 INFO com.bankguru.register.Register] - Login - 02:  Enter to UserID textbox with value: mngr540382
[2023-11-24 14:33:20,927 INFO com.bankguru.register.Register] - Login - 03:  Enter to Password textbox with value: ubEjyjE
[2023-11-24 14:33:21,097 INFO com.bankguru.register.Register] - Login - 04:  Click to Login button
[2023-11-24 14:33:21,153 INFO com.bankguru.register.Register] - Login - 05:  Verify Manager's Page is displayed
[2023-11-24 14:33:41,263 INFO com.bankguru.register.Register] - OS name = windows 11
[2023-11-24 14:33:41,264 INFO com.bankguru.register.Register] - Driver instance name = chromedriver: chrome on windows (9f9018132c88b29bf4975d129cbb3bb3)
[2023-11-24 14:38:12,754 INFO com.bankguru.register.Register] - Register - 01: Navigate to 'Register' page
[2023-11-24 14:38:13,128 INFO com.bankguru.register.Register] - Register - 02: Enter Valid Email to Email ID textbox
[2023-11-24 14:38:13,409 INFO com.bankguru.register.Register] - Register - 03: Click to submit button
[2023-11-24 14:38:14,423 INFO com.bankguru.register.Register] - Register - 04: Check UserID and Password display and get value 
[2023-11-24 14:38:14,923 INFO com.bankguru.register.Register] - Login - 01:  Navigate to 'Login' page
[2023-11-24 14:38:19,116 INFO com.bankguru.register.Register] - Login - 02:  Enter to UserID textbox with value: mngr540383
[2023-11-24 14:38:19,353 INFO com.bankguru.register.Register] - Login - 03:  Enter to Password textbox with value: jatuben
[2023-11-24 14:38:19,480 INFO com.bankguru.register.Register] - Login - 04:  Click to Login button
[2023-11-24 14:38:19,529 INFO com.bankguru.register.Register] - Login - 05:  Verify Manager's Page is displayed
[2023-11-24 14:40:36,879 INFO com.bankguru.register.Register] - Register - 01: Navigate to 'Register' page
[2023-11-24 14:40:37,213 INFO com.bankguru.register.Register] - Register - 02: Enter Valid Email to Email ID textbox
[2023-11-24 14:40:37,480 INFO com.bankguru.register.Register] - Register - 03: Click to submit button
[2023-11-24 14:40:38,566 INFO com.bankguru.register.Register] - Register - 04: Check UserID and Password display and get value 
[2023-11-24 14:40:39,064 INFO com.bankguru.register.Register] - Login - 01:  Navigate to 'Login' page
[2023-11-24 14:40:41,889 INFO com.bankguru.register.Register] - Login - 02:  Enter to UserID textbox with value: mngr540385
[2023-11-24 14:40:42,310 INFO com.bankguru.register.Register] - Login - 03:  Enter to Password textbox with value: ruvuzyr
[2023-11-24 14:40:42,593 INFO com.bankguru.register.Register] - Login - 04:  Click to Login button
[2023-11-24 14:40:43,798 INFO com.bankguru.register.Register] - Login - 05:  Verify Manager's Page is displayed
[2023-11-24 14:42:50,800 INFO com.bankguru.register.Register] - Register - 01: Navigate to 'Register' page
[2023-11-24 14:42:51,146 INFO com.bankguru.register.Register] - Register - 02: Enter Valid Email to Email ID textbox
[2023-11-24 14:42:51,355 INFO com.bankguru.register.Register] - Register - 03: Click to submit button
[2023-11-24 14:42:52,214 INFO com.bankguru.register.Register] - Register - 04: Check UserID and Password display and get value 
[2023-11-24 14:42:52,538 INFO com.bankguru.register.Register] - Login - 01:  Navigate to 'Login' page
[2023-11-24 14:42:55,136 INFO com.bankguru.register.Register] - Login - 02:  Enter to UserID textbox with value: mngr540388
[2023-11-24 14:42:55,331 INFO com.bankguru.register.Register] - Login - 03:  Enter to Password textbox with value: merybyv
[2023-11-24 14:42:55,476 INFO com.bankguru.register.Register] - Login - 04:  Click to Login button
[2023-11-24 14:42:56,881 INFO com.bankguru.register.Register] - Login - 05:  Verify Manager's Page is displayed
[2023-11-24 14:47:20,934 INFO com.bankguru.register.Register] - Register - 01: Navigate to 'Register' page
[2023-11-24 14:47:21,307 INFO com.bankguru.register.Register] - Register - 02: Enter Valid Email to Email ID textbox
[2023-11-24 14:47:21,557 INFO com.bankguru.register.Register] - Register - 03: Click to submit button
[2023-11-24 14:47:23,539 INFO com.bankguru.register.Register] - Register - 04: Check UserID and Password display and get value 
[2023-11-24 14:47:23,921 INFO com.bankguru.register.Register] - Login - 01:  Navigate to 'Login' page
[2023-11-24 14:47:29,710 INFO com.bankguru.register.Register] - Login - 02:  Enter to UserID textbox with value: mngr540392
[2023-11-24 14:47:29,887 INFO com.bankguru.register.Register] - Login - 03:  Enter to Password textbox with value: byjahAt
[2023-11-24 14:47:30,035 INFO com.bankguru.register.Register] - Login - 04:  Click to Login button
[2023-11-24 14:47:31,587 INFO com.bankguru.register.Register] - Login - 05:  Verify Manager's Page is displayed
[2023-11-24 14:48:32,536 INFO com.bankguru.register.Register] - Register - 01: Navigate to 'Register' page
[2023-11-24 14:48:32,834 INFO com.bankguru.register.Register] - Register - 02: Enter Valid Email to Email ID textbox
[2023-11-24 14:48:33,012 INFO com.bankguru.register.Register] - Register - 03: Click to submit button
[2023-11-24 14:48:33,886 INFO com.bankguru.register.Register] - Register - 04: Check UserID and Password display and get value 
[2023-11-24 14:48:34,129 INFO com.bankguru.register.Register] - Login - 01:  Navigate to 'Login' page
[2023-11-24 14:48:36,850 INFO com.bankguru.register.Register] - Login - 02:  Enter to UserID textbox with value: mngr540393
[2023-11-24 14:48:36,951 INFO com.bankguru.register.Register] - Login - 03:  Enter to Password textbox with value: ysagaze
[2023-11-24 14:48:37,031 INFO com.bankguru.register.Register] - Login - 04:  Click to Login button
[2023-11-24 14:48:38,103 INFO com.bankguru.register.Register] - Login - 05:  Verify Manager's Page is displayed
[2023-11-24 14:50:17,606 INFO com.bankguru.register.Register] - Register - 01: Navigate to 'Register' page
[2023-11-24 14:50:17,916 INFO com.bankguru.register.Register] - Register - 02: Enter Valid Email to Email ID textbox
[2023-11-24 14:50:18,082 INFO com.bankguru.register.Register] - Register - 03: Click to submit button
[2023-11-24 14:50:19,542 INFO com.bankguru.register.Register] - Register - 04: Check UserID and Password display and get value 
[2023-11-24 14:50:19,769 INFO com.bankguru.register.Register] - Login - 01:  Navigate to 'Login' page
[2023-11-24 14:50:22,183 INFO com.bankguru.register.Register] - Login - 02:  Enter to UserID textbox with value: mngr540394
[2023-11-24 14:50:22,268 INFO com.bankguru.register.Register] - Login - 03:  Enter to Password textbox with value: UgurutE
[2023-11-24 14:50:22,353 INFO com.bankguru.register.Register] - Login - 04:  Click to Login button
[2023-11-24 14:50:23,441 INFO com.bankguru.register.Register] - Login - 05:  Verify Manager's Page is displayed
[2023-11-24 14:50:53,496 INFO com.bankguru.register.Register] - OS name = windows 11
[2023-11-24 14:50:53,496 INFO com.bankguru.register.Register] - Driver instance name = firefoxdriver: firefox on windows (afabff29-ce2a-4aa2-aa46-2be440142b8d)
[2023-11-24 14:52:41,389 INFO com.bankguru.register.Register] - Register - 01: Navigate to 'Register' page
[2023-11-24 14:52:41,782 INFO com.bankguru.register.Register] - Register - 02: Enter Valid Email to Email ID textbox
[2023-11-24 14:52:41,936 INFO com.bankguru.register.Register] - Register - 03: Click to submit button
[2023-11-24 14:52:43,862 INFO com.bankguru.register.Register] - Register - 04: Check UserID and Password display and get value 
[2023-11-24 14:52:44,102 INFO com.bankguru.register.Register] - Login - 01:  Navigate to 'Login' page
[2023-11-24 14:52:46,851 INFO com.bankguru.register.Register] - Login - 02:  Enter to UserID textbox with value: mngr540395
[2023-11-24 14:52:46,954 INFO com.bankguru.register.Register] - Login - 03:  Enter to Password textbox with value: rEnYsat
[2023-11-24 14:52:47,039 INFO com.bankguru.register.Register] - Login - 04:  Click to Login button
[2023-11-24 14:52:49,040 INFO com.bankguru.register.Register] - Login - 05:  Verify Manager's Page is displayed
[2023-11-24 14:52:49,117 INFO com.bankguru.register.Register] - OS name = windows 11
[2023-11-24 14:52:49,117 INFO com.bankguru.register.Register] - Driver instance name = firefoxdriver: firefox on windows (d2529a15-d083-4920-86d2-dbb2bbada592)
[2023-11-24 16:35:14,002 INFO com.bankguru.register.Register] - OS name = windows 11
[2023-11-24 16:35:14,004 INFO com.bankguru.register.Register] - 
[2023-11-25 16:45:29,913 INFO com.bankguru.register.Register] - OS name = windows 10
[2023-11-25 16:45:29,919 INFO com.bankguru.register.Register] - Cannot invoke "Object.toString()" because "this.driver" is null
[2023-11-25 16:57:34,197 INFO com.bankguru.register.Register] - OS name = windows 10
[2023-11-25 16:57:34,202 INFO com.bankguru.register.Register] - Cannot invoke "Object.toString()" because "this.driver" is null
[2023-11-25 16:59:13,425 INFO com.bankguru.register.Register] - OS name = windows 10
[2023-11-25 16:59:13,430 INFO com.bankguru.register.Register] - Cannot invoke "Object.toString()" because "this.driver" is null
[2023-11-25 17:15:06,393 INFO com.bankguru.register.Register] - OS name = windows 10
[2023-11-25 17:15:06,396 INFO com.bankguru.register.Register] - 
[2023-11-25 17:17:02,223 INFO com.bankguru.register.Register] - OS name = windows 10
[2023-11-25 17:17:02,226 INFO com.bankguru.register.Register] - 
[2023-11-25 17:23:13,811 INFO com.bankguru.register.Register] - OS name = windows 10
[2023-11-25 17:23:13,814 INFO com.bankguru.register.Register] - 
[2023-11-25 17:41:12,055 INFO com.bankguru.register.Register] - OS name = windows 10
[2023-11-25 17:41:12,062 INFO com.bankguru.register.Register] - 
[2023-11-25 20:30:46,706 INFO com.bankguru.register.Register] - OS name = windows 10
[2023-11-25 20:30:46,711 INFO com.bankguru.register.Register] - 
[2023-11-25 20:32:19,696 INFO com.bankguru.register.Register] - Register - 01: Navigate to 'Register' page
[2023-11-25 20:32:22,004 INFO com.bankguru.register.Register] - Register - 02: Enter Valid Email to Email ID textbox
[2023-11-25 20:32:22,697 INFO com.bankguru.register.Register] - Register - 03: Click to submit button
[2023-11-25 20:32:24,540 INFO com.bankguru.register.Register] - Register - 04: Check UserID and Password display and get value 
[2023-11-25 20:32:25,247 INFO com.bankguru.register.Register] - OS name = windows 10
[2023-11-25 20:32:25,247 INFO com.bankguru.register.Register] - Driver instance name = firefoxdriver: firefox on windows (9e68b623-a589-4c73-a0d8-16ad9a6ccca2)
[2023-11-25 20:53:34,206 INFO com.bankguru.register.Register] - Register - 01: Navigate to 'Register' page
[2023-11-25 20:53:34,986 INFO com.bankguru.register.Register] - Register - 02: Enter Valid Email to Email ID textbox
[2023-11-25 20:53:35,394 INFO com.bankguru.register.Register] - Register - 03: Click to submit button
[2023-11-25 20:53:37,159 INFO com.bankguru.register.Register] - Register - 04: Check UserID and Password display and get value 
[2023-11-25 20:53:37,721 INFO com.bankguru.register.Register] - Login - 01:  Navigate to 'Login' page
[2023-11-25 20:53:40,595 INFO com.bankguru.register.Register] - OS name = windows 10
[2023-11-25 20:53:40,623 INFO com.bankguru.register.Register] - Driver instance name = firefoxdriver: firefox on windows (02bc17e9-0198-4259-b0a0-3918b1cef60f)
[2023-11-25 20:57:36,762 INFO com.bankguru.register.Register] - Register - 01: Navigate to 'Register' page
[2023-11-25 20:57:37,609 INFO com.bankguru.register.Register] - Register - 02: Enter Valid Email to Email ID textbox
[2023-11-25 20:57:37,892 INFO com.bankguru.register.Register] - Register - 03: Click to submit button
[2023-11-25 20:57:39,712 INFO com.bankguru.register.Register] - Register - 04: Check UserID and Password display and get value 
[2023-11-25 20:57:40,007 INFO com.bankguru.register.Register] - Login - 01:  Navigate to 'Login' page
[2023-11-25 20:57:42,506 INFO com.bankguru.register.Register] - OS name = windows 10
[2023-11-25 20:57:42,506 INFO com.bankguru.register.Register] - Driver instance name = firefoxdriver: firefox on windows (b7bcb323-53cb-4354-b3fd-8009fa286508)
[2023-11-25 21:03:16,175 INFO com.bankguru.register.Register] - Register - 01: Navigate to 'Register' page
[2023-11-25 21:03:16,879 INFO com.bankguru.register.Register] - Register - 02: Enter Valid Email to Email ID textbox
[2023-11-25 21:03:17,444 INFO com.bankguru.register.Register] - Register - 03: Click to submit button
[2023-11-25 21:03:18,814 INFO com.bankguru.register.Register] - Register - 04: Check UserID and Password display and get value 
[2023-11-25 21:03:19,671 INFO com.bankguru.register.Register] - Login - 01:  Navigate to 'Login' page
[2023-11-25 21:03:21,909 INFO com.bankguru.register.Register] - OS name = windows 10
[2023-11-25 21:03:21,917 INFO com.bankguru.register.Register] - Driver instance name = chromedriver: chrome on windows (52971d4ed8e4a70b13ebfb46a9a5a15a)
[2023-11-25 21:29:41,160 INFO com.bankguru.register.Register] - Register - 01: Navigate to 'Register' page
[2023-11-25 21:29:41,488 INFO com.bankguru.register.Register] - Register - 02: Enter Valid Email to Email ID textbox
[2023-11-25 21:29:41,662 INFO com.bankguru.register.Register] - Register - 03: Click to submit button
[2023-11-25 21:29:42,443 INFO com.bankguru.register.Register] - Register - 04: Check UserID and Password display and get value 
[2023-11-25 21:29:42,623 INFO com.bankguru.register.Register] - Login - 01:  Navigate to 'Login' page
[2023-11-25 21:29:43,592 INFO com.bankguru.register.Register] - OS name = windows 11
[2023-11-25 21:29:43,593 INFO com.bankguru.register.Register] - Driver instance name = chromedriver: chrome on windows (a6cf2692c85ad8f9544374a9ce60653d)
[2023-11-25 21:31:40,378 INFO com.bankguru.register.Register] - Register - 01: Navigate to 'Register' page
[2023-11-25 21:31:40,699 INFO com.bankguru.register.Register] - Register - 02: Enter Valid Email to Email ID textbox
[2023-11-25 21:31:40,883 INFO com.bankguru.register.Register] - Register - 03: Click to submit button
[2023-11-25 21:31:41,821 INFO com.bankguru.register.Register] - Register - 04: Check UserID and Password display and get value 
[2023-11-25 21:31:42,143 INFO com.bankguru.register.Register] - Login - 01:  Navigate to 'Login' page
[2023-11-25 21:31:43,098 INFO com.bankguru.register.Register] - OS name = windows 11
[2023-11-25 21:31:43,098 INFO com.bankguru.register.Register] - Driver instance name = chromedriver: chrome on windows (3f01d925acd9d4a79f4f09fc68f985e3)
[2023-11-25 21:34:27,094 INFO com.bankguru.register.Register] - Register - 01: Navigate to 'Register' page
[2023-11-25 21:34:27,416 INFO com.bankguru.register.Register] - Register - 02: Enter Valid Email to Email ID textbox
[2023-11-25 21:34:27,629 INFO com.bankguru.register.Register] - Register - 03: Click to submit button
[2023-11-25 21:34:28,472 INFO com.bankguru.register.Register] - Register - 04: Check UserID and Password display and get value 
[2023-11-25 21:34:28,772 INFO com.bankguru.register.Register] - Login - 01:  Navigate to 'Login' page
[2023-11-25 21:34:29,765 INFO com.bankguru.register.Register] - OS name = windows 11
[2023-11-25 21:34:29,765 INFO com.bankguru.register.Register] - Driver instance name = chromedriver: chrome on windows (3223f487e30e224965460437c48fc30d)
[2023-11-25 21:37:48,641 INFO com.bankguru.register.Register] - Register - 01: Navigate to 'Register' page
[2023-11-25 21:37:48,950 INFO com.bankguru.register.Register] - Register - 02: Enter Valid Email to Email ID textbox
[2023-11-25 21:37:49,129 INFO com.bankguru.register.Register] - Register - 03: Click to submit button
[2023-11-25 21:37:50,008 INFO com.bankguru.register.Register] - Register - 04: Check UserID and Password display and get value 
[2023-11-25 21:37:50,299 INFO com.bankguru.register.Register] - Login - 01:  Navigate to 'Login' page
[2023-11-25 21:37:51,527 INFO com.bankguru.register.Register] - OS name = windows 11
[2023-11-25 21:37:51,528 INFO com.bankguru.register.Register] - Driver instance name = chromedriver: chrome on windows (9651e5a8f159426d285c87f27c3adf26)
[2023-11-25 21:57:32,669 INFO com.bankguru.register.Register] - Register - 01: Navigate to 'Register' page
[2023-11-25 21:57:32,996 INFO com.bankguru.register.Register] - Register - 02: Enter Valid Email to Email ID textbox
[2023-11-25 21:57:33,158 INFO com.bankguru.register.Register] - Register - 03: Click to submit button
[2023-11-25 21:57:34,028 INFO com.bankguru.register.Register] - Register - 04: Check UserID and Password display and get value 
[2023-11-25 21:57:34,313 INFO com.bankguru.register.Register] - Login - 01:  Navigate to 'Login' page
[2023-11-25 21:57:35,273 INFO com.bankguru.register.Register] - OS name = windows 11
[2023-11-25 21:57:35,274 INFO com.bankguru.register.Register] - Driver instance name = chromedriver: chrome on windows (f711cc8ded9d3f43fc2c449cc7e11fcb)
[2023-11-25 22:03:59,161 INFO com.bankguru.register.Register] - Register - 01: Navigate to 'Register' page
[2023-11-25 22:03:59,472 INFO com.bankguru.register.Register] - Register - 02: Enter Valid Email to Email ID textbox
[2023-11-25 22:03:59,650 INFO com.bankguru.register.Register] - Register - 03: Click to submit button
[2023-11-25 22:04:00,620 INFO com.bankguru.register.Register] - Register - 04: Check UserID and Password display and get value 
[2023-11-25 22:04:00,949 INFO com.bankguru.register.Register] - Login - 01:  Navigate to 'Login' page
[2023-11-25 22:04:02,377 INFO com.bankguru.register.Register] - OS name = windows 11
[2023-11-25 22:04:02,378 INFO com.bankguru.register.Register] - Driver instance name = chromedriver: chrome on windows (b385c6b07c3a486b5dff57ac45cab1f7)
[2023-11-25 22:18:20,947 INFO com.bankguru.register.Register] - Register - 01: Navigate to 'Register' page
[2023-11-25 22:18:21,251 INFO com.bankguru.register.Register] - Register - 02: Enter Valid Email to Email ID textbox
[2023-11-25 22:18:21,515 INFO com.bankguru.register.Register] - Register - 03: Click to submit button
[2023-11-25 22:18:22,440 INFO com.bankguru.register.Register] - Register - 04: Check UserID and Password display and get value 
[2023-11-25 22:18:22,655 INFO com.bankguru.register.Register] - Login - 01:  Navigate to 'Login' page
[2023-11-25 22:18:23,632 INFO com.bankguru.register.Register] - OS name = windows 11
[2023-11-25 22:18:23,632 INFO com.bankguru.register.Register] - Driver instance name = chromedriver: chrome on windows (f5f9b5a044cd0ac9f55de916708f4892)
[2023-11-25 22:29:15,621 INFO com.bankguru.register.Register] - Register - 01: Navigate to 'Register' page
[2023-11-25 22:29:15,929 INFO com.bankguru.register.Register] - Register - 02: Enter Valid Email to Email ID textbox
[2023-11-25 22:29:16,119 INFO com.bankguru.register.Register] - Register - 03: Click to submit button
[2023-11-25 22:29:17,120 INFO com.bankguru.register.Register] - Register - 04: Check UserID and Password display and get value 
[2023-11-25 22:29:17,427 INFO com.bankguru.register.Register] - Login - 01:  Navigate to 'Login' page
[2023-11-25 22:29:18,806 INFO com.bankguru.register.Register] - OS name = windows 11
[2023-11-25 22:29:18,806 INFO com.bankguru.register.Register] - Driver instance name = chromedriver: chrome on windows (929b1e942c765fd6f867da9ff48d947b)
[2023-11-27 09:35:25,337 INFO com.bankguru.register.Register] - Register - 01: Navigate to 'Register' page
[2023-11-27 09:35:25,941 INFO com.bankguru.register.Register] - Register - 02: Enter Valid Email to Email ID textbox
[2023-11-27 09:35:26,254 INFO com.bankguru.register.Register] - Register - 03: Click to submit button
[2023-11-27 09:35:27,330 INFO com.bankguru.register.Register] - Register - 04: Check UserID and Password display and get value 
[2023-11-27 09:35:27,681 INFO com.bankguru.register.Register] - Login - 01:  Navigate to 'Login' page
[2023-11-27 09:35:29,984 INFO com.bankguru.register.Register] - OS name = windows 11
[2023-11-27 09:35:29,985 INFO com.bankguru.register.Register] - Driver instance name = chromedriver: chrome on windows (82a2b88d389e5fa57de7dfdbe52ca73c)
[2023-11-27 09:47:17,373 INFO com.bankguru.register.Register] - Register - 01: Navigate to 'Register' page
[2023-11-27 09:47:17,709 INFO com.bankguru.register.Register] - Register - 02: Enter Valid Email to Email ID textbox
[2023-11-27 09:47:17,903 INFO com.bankguru.register.Register] - Register - 03: Click to submit button
[2023-11-27 09:47:18,768 INFO com.bankguru.register.Register] - Register - 04: Check UserID and Password display and get value 
[2023-11-27 09:47:19,038 INFO com.bankguru.register.Register] - Login - 01:  Navigate to 'Login' page
[2023-11-27 09:47:20,557 INFO com.bankguru.register.Register] - OS name = windows 11
[2023-11-27 09:47:20,557 INFO com.bankguru.register.Register] - Driver instance name = chromedriver: chrome on windows (ddf08d0505dd3775447d6d2c1b83c04c)
[2023-11-27 11:15:53,834 INFO com.bankguru.register.Register] - Register - 01: Navigate to 'Register' page
[2023-11-27 11:15:54,119 INFO com.bankguru.register.Register] - Register - 02: Enter Valid Email to Email ID textbox
[2023-11-27 11:15:54,308 INFO com.bankguru.register.Register] - Register - 03: Click to submit button
[2023-11-27 11:15:55,161 INFO com.bankguru.register.Register] - Register - 04: Check UserID and Password display and get value 
[2023-11-27 11:15:55,349 INFO com.bankguru.register.Register] - Login - 01:  Navigate to 'Login' page
[2023-11-27 11:15:57,652 INFO com.bankguru.register.Register] - OS name = windows 11
[2023-11-27 11:15:57,652 INFO com.bankguru.register.Register] - Driver instance name = chromedriver: chrome on windows (0b16ca59a4df2b922b8e6c3dfc3b4500)
[2023-11-27 13:41:50,990 INFO com.bankguru.register.Register] - Register - 01: Navigate to 'Register' page
[2023-11-27 13:41:51,250 INFO com.bankguru.register.Register] - Register - 02: Enter Valid Email to Email ID textbox
[2023-11-27 13:41:51,451 INFO com.bankguru.register.Register] - Register - 03: Click to submit button
[2023-11-27 13:41:52,431 INFO com.bankguru.register.Register] - Register - 04: Check UserID and Password display and get value 
[2023-11-27 13:41:52,617 INFO com.bankguru.register.Register] - Login - 01:  Navigate to 'Login' page
[2023-11-27 13:41:53,941 INFO com.bankguru.register.Register] - OS name = windows 11
[2023-11-27 13:41:53,941 INFO com.bankguru.register.Register] - Driver instance name = chromedriver: chrome on windows (8b13efaf2230ffe5424713655da73012)
[2023-11-27 13:49:08,457 INFO com.bankguru.register.Register] - Register - 01: Navigate to 'Register' page
[2023-11-27 13:49:08,731 INFO com.bankguru.register.Register] - Register - 02: Enter Valid Email to Email ID textbox
[2023-11-27 13:49:08,891 INFO com.bankguru.register.Register] - Register - 03: Click to submit button
[2023-11-27 13:49:10,236 INFO com.bankguru.register.Register] - Register - 04: Check UserID and Password display and get value 
[2023-11-27 13:49:10,388 INFO com.bankguru.register.Register] - Login - 01:  Navigate to 'Login' page
[2023-11-27 13:49:11,629 INFO com.bankguru.register.Register] - OS name = windows 11
[2023-11-27 13:49:11,629 INFO com.bankguru.register.Register] - Driver instance name = firefoxdriver: firefox on windows (71e3e25d-3589-49c0-b99d-067b775f8d03)
[2023-11-27 14:01:57,600 INFO com.bankguru.register.Register] - Register - 01: Navigate to 'Register' page
[2023-11-27 14:01:57,953 INFO com.bankguru.register.Register] - Register - 02: Enter Valid Email to Email ID textbox
[2023-11-27 14:01:58,105 INFO com.bankguru.register.Register] - Register - 03: Click to submit button
[2023-11-27 14:01:59,360 INFO com.bankguru.register.Register] - Register - 04: Check UserID and Password display and get value 
[2023-11-27 14:01:59,521 INFO com.bankguru.register.Register] - Login - 01:  Navigate to 'Login' page
[2023-11-27 14:02:00,750 INFO com.bankguru.register.Register] - OS name = windows 11
[2023-11-27 14:02:00,750 INFO com.bankguru.register.Register] - Driver instance name = firefoxdriver: firefox on windows (49bb0f8e-597c-49f0-91e7-ec71ebdeed06)
[2023-11-27 14:08:37,218 INFO com.bankguru.register.Register] - Register - 01: Navigate to 'Register' page
[2023-11-27 14:08:37,579 INFO com.bankguru.register.Register] - Register - 02: Enter Valid Email to Email ID textbox
[2023-11-27 14:08:37,740 INFO com.bankguru.register.Register] - Register - 03: Click to submit button
[2023-11-27 14:08:39,088 INFO com.bankguru.register.Register] - Register - 04: Check UserID and Password display and get value 
[2023-11-27 14:08:39,245 INFO com.bankguru.register.Register] - Login - 01:  Navigate to 'Login' page
[2023-11-27 14:08:40,718 INFO com.bankguru.register.Register] - OS name = windows 11
[2023-11-27 14:08:40,719 INFO com.bankguru.register.Register] - Driver instance name = firefoxdriver: firefox on windows (629cff35-d0c8-4ca6-851c-67a78926f0d0)
[2023-11-27 14:12:16,006 INFO com.bankguru.register.Register] - Register - 01: Navigate to 'Register' page
[2023-11-27 14:12:16,364 INFO com.bankguru.register.Register] - Register - 02: Enter Valid Email to Email ID textbox
[2023-11-27 14:12:16,514 INFO com.bankguru.register.Register] - Register - 03: Click to submit button
[2023-11-27 14:12:17,421 INFO com.bankguru.register.Register] - Register - 04: Check UserID and Password display and get value 
[2023-11-27 14:12:17,588 INFO com.bankguru.register.Register] - Login - 01:  Navigate to 'Login' page
[2023-11-27 14:12:18,962 INFO com.bankguru.register.Register] - OS name = windows 11
[2023-11-27 14:12:18,962 INFO com.bankguru.register.Register] - Driver instance name = firefoxdriver: firefox on windows (c85a8e53-0f1a-4e84-849c-d0d1ec347628)
[2023-11-27 14:21:48,281 INFO com.bankguru.register.Register] - Register - 01: Navigate to 'Register' page
[2023-11-27 14:21:48,635 INFO com.bankguru.register.Register] - Register - 02: Enter Valid Email to Email ID textbox
[2023-11-27 14:21:48,782 INFO com.bankguru.register.Register] - Register - 03: Click to submit button
[2023-11-27 14:21:52,220 INFO com.bankguru.register.Register] - Register - 04: Check UserID and Password display and get value 
[2023-11-27 14:21:52,377 INFO com.bankguru.register.Register] - Login - 01:  Navigate to 'Login' page
[2023-11-27 14:21:56,781 INFO com.bankguru.register.Register] - OS name = windows 11
[2023-11-27 14:21:56,781 INFO com.bankguru.register.Register] - Driver instance name = firefoxdriver: firefox on windows (3631fcbd-2ded-4c4f-9350-1d545b474c0c)
[2023-11-27 14:26:11,838 INFO com.bankguru.register.Register] - Register - 01: Navigate to 'Register' page
[2023-11-27 14:26:12,162 INFO com.bankguru.register.Register] - Register - 02: Enter Valid Email to Email ID textbox
[2023-11-27 14:26:12,290 INFO com.bankguru.register.Register] - Register - 03: Click to submit button
[2023-11-27 14:26:17,575 INFO com.bankguru.register.Register] - Register - 04: Check UserID and Password display and get value 
[2023-11-27 14:26:48,747 INFO com.bankguru.register.Register] - OS name = windows 11
[2023-11-27 14:26:48,747 INFO com.bankguru.register.Register] - Driver instance name = firefoxdriver: firefox on windows (ac6ae4d7-24ce-4835-beb3-71d72989296b)
[2023-11-27 14:29:14,230 INFO com.bankguru.register.Register] - Register - 01: Navigate to 'Register' page
[2023-11-27 14:29:14,637 INFO com.bankguru.register.Register] - Register - 02: Enter Valid Email to Email ID textbox
[2023-11-27 14:29:14,785 INFO com.bankguru.register.Register] - Register - 03: Click to submit button
[2023-11-27 14:29:16,265 INFO com.bankguru.register.Register] - Register - 04: Check UserID and Password display and get value 
[2023-11-27 14:29:16,426 INFO com.bankguru.register.Register] - Login - 01:  Navigate to 'Login' page
[2023-11-27 14:29:18,624 INFO com.bankguru.register.Register] - OS name = windows 11
[2023-11-27 14:29:18,625 INFO com.bankguru.register.Register] - Driver instance name = firefoxdriver: firefox on windows (4389dd04-9be8-4d08-89f0-c329df765e97)
[2023-11-27 14:32:10,835 INFO com.bankguru.register.Register] - Register - 01: Navigate to 'Register' page
[2023-11-27 14:32:11,213 INFO com.bankguru.register.Register] - Register - 02: Enter Valid Email to Email ID textbox
[2023-11-27 14:32:11,358 INFO com.bankguru.register.Register] - Register - 03: Click to submit button
[2023-11-27 14:32:13,005 INFO com.bankguru.register.Register] - Register - 04: Check UserID and Password display and get value 
[2023-11-27 14:32:13,167 INFO com.bankguru.register.Register] - Login - 01:  Navigate to 'Login' page
[2023-11-27 14:32:15,328 INFO com.bankguru.register.Register] - OS name = windows 11
[2023-11-27 14:32:15,329 INFO com.bankguru.register.Register] - Driver instance name = firefoxdriver: firefox on windows (a3df2332-bb17-4f8c-be76-c9037a66972c)
[2023-11-27 16:29:41,874 INFO com.bankguru.register.Register] - Register - 01: Navigate to 'Register' page
[2023-11-27 16:29:42,306 INFO com.bankguru.register.Register] - Register - 02: Enter Valid Email to Email ID textbox
[2023-11-27 16:29:42,456 INFO com.bankguru.register.Register] - Register - 03: Click to submit button
[2023-11-27 16:29:43,274 INFO com.bankguru.register.Register] - Register - 04: Check UserID and Password display and get value 
[2023-11-27 16:29:43,430 INFO com.bankguru.register.Register] - Login - 01:  Navigate to 'Login' page
[2023-11-27 16:29:44,818 INFO com.bankguru.register.Register] - OS name = windows 11
[2023-11-27 16:29:44,818 INFO com.bankguru.register.Register] - Driver instance name = firefoxdriver: firefox on windows (73f2e881-8181-4a05-a255-07fd87c88b4b)
